c:\users\jason\desktop\cis375project1\debug\cis375project1.apptdate.resources
c:\users\jason\desktop\cis375project1\debug\cis375project1.clientinfo.resources
c:\users\jason\desktop\cis375project1\debug\cis375project1.confirmation.resources
c:\users\jason\desktop\cis375project1\debug\cis375project1.confirmexit.resources
c:\users\jason\desktop\cis375project1\debug\cis375project1.exitprogram.resources
c:\users\jason\desktop\cis375project1\debug\cis375project1.jobapproval.resources
c:\users\jason\desktop\cis375project1\debug\cis375project1.jobtask.resources
c:\users\jason\desktop\cis375project1\debug\cis375project1.login.resources
c:\users\jason\desktop\cis375project1\debug\cis375project1.mainmenu.resources
c:\users\jason\desktop\cis375project1\debug\cis375project1.notification.resources
c:\users\jason\desktop\cis375project1\debug\cis375project1.payment.resources
c:\users\jason\desktop\cis375project1\debug\cis375project1.report.resources
c:\users\jason\desktop\cis375project1\debug\cis375project1.savechanges.resources
c:\users\jason\desktop\cis375project1\debug\cis375project1.sendsurvey.resources
c:\users\jason\desktop\cis375project1\debug\cis375project1.survey.resources
c:\users\jason\desktop\cis375project1\debug\cis375project1.technicianinfo.resources
c:\users\jason\desktop\cis375project1\debug\cis375project1.timeblock.resources
c:\users\jason\desktop\cis375project1\debug\cis375project1.waitinglist.resources
c:\users\jason\desktop\cis375project1\debug\vc140.pdb
c:\users\jason\desktop\cis375project1\debug\waitinglist.obj
c:\users\jason\desktop\cis375project1\debug\timeblock.obj
c:\users\jason\desktop\cis375project1\debug\technicianinfo.obj
c:\users\jason\desktop\cis375project1\debug\survey.obj
c:\users\jason\desktop\cis375project1\debug\sendsurvey.obj
c:\users\jason\desktop\cis375project1\debug\savechanges.obj
c:\users\jason\desktop\cis375project1\debug\report.obj
c:\users\jason\desktop\cis375project1\debug\payment.obj
c:\users\jason\desktop\cis375project1\debug\notification.obj
c:\users\jason\desktop\cis375project1\debug\mainmenu.obj
c:\users\jason\desktop\cis375project1\debug\login.obj
c:\users\jason\desktop\cis375project1\debug\jobtask.obj
c:\users\jason\desktop\cis375project1\debug\jobapproval.obj
c:\users\jason\desktop\cis375project1\debug\exitprogram.obj
c:\users\jason\desktop\cis375project1\debug\confirmexit.obj
c:\users\jason\desktop\cis375project1\debug\confirmation.obj
c:\users\jason\desktop\cis375project1\debug\clientinfo.obj
c:\users\jason\desktop\cis375project1\debug\apptdate.obj
c:\users\jason\desktop\cis375project1\debug\.netframework,version=v4.5.2.assemblyattributes.obj
c:\users\jason\desktop\cis375project1\debug\.netframework,version=v4.5.2.assemblyattributes.asm
c:\users\jason\desktop\cis375project1\debug\cis375project1.exe
c:\users\jason\desktop\cis375project1\debug\cis375project1.pdb
c:\users\jason\desktop\cis375project1\debug\cis375project1.vcxproj.generateresource.cache
c:\users\jason\desktop\cis375project1\debug\cis375project1.exe.metagen
c:\users\jason\desktop\cis375project1\debug\cis375project1.tlog\cis375project1.write.1u.tlog
c:\users\jason\desktop\cis375project1\debug\cis375project1.tlog\cl.command.1.tlog
c:\users\jason\desktop\cis375project1\debug\cis375project1.tlog\cl.read.1.tlog
c:\users\jason\desktop\cis375project1\debug\cis375project1.tlog\cl.write.1.tlog
c:\users\jason\desktop\cis375project1\debug\cis375project1.tlog\link.command.1.tlog
c:\users\jason\desktop\cis375project1\debug\cis375project1.tlog\link.read.1.tlog
c:\users\jason\desktop\cis375project1\debug\cis375project1.tlog\link.write.1.tlog
c:\users\jason\desktop\cis375project1\debug\cis375project1.tlog\metagen.read.1.tlog
c:\users\jason\desktop\cis375project1\debug\cis375project1.tlog\metagen.write.1.tlog
c:\users\jason\desktop\cis375project1\debug\cis375project1.tlog\rsaenh.dll.bi
c:\users\jason\desktop\cis375project1\debug\cis375project1.tlog\tzres.dll.bi
